[24-Jun-2017 15:21:27 UTC] PHP Fatal error:  Uncaught exception 'PDOException' with message 'SQLSTATE[42S02]: Base table or view not found: 1146 Table 'caranille.car_chapters' doesn't exist' in /home/ubuntu/workspace/modules/story/index.php:6
Stack trace:
#0 /home/ubuntu/workspace/modules/story/index.php(6): PDOStatement->execute(Array)
#1 {main}
  thrown in /home/ubuntu/workspace/modules/story/index.php on line 6
[24-Jun-2017 15:31:35 UTC] PHP Fatal error:  Uncaught exception 'PDOException' with message 'SQLSTATE[42S22]: Column not found: 1054 Unknown column 'Chapter_Number' in 'where clause'' in /home/ubuntu/workspace/modules/story/index.php:6
Stack trace:
#0 /home/ubuntu/workspace/modules/story/index.php(6): PDOStatement->execute(Array)
#1 {main}
  thrown in /home/ubuntu/workspace/modules/story/index.php on line 6
[24-Jun-2017 17:06:27 UTC] PHP Fatal error:  Uncaught exception 'PDOException' with message 'SQLSTATE[42S22]: Column not found: 1054 Unknown column 'chapterNumber' in 'where clause'' in /home/ubuntu/workspace/modules/story/index.php:6
Stack trace:
#0 /home/ubuntu/workspace/modules/story/index.php(6): PDOStatement->execute(Array)
#1 {main}
  thrown in /home/ubuntu/workspace/modules/story/index.php on line 6
[24-Jun-2017 19:14:50 UTC] PHP Warning:  Cannot modify header information - headers already sent by (output started at /home/ubuntu/workspace/html/header.php:137) in /home/ubuntu/workspace/modules/dungeon/selectedMonster.php on line 59
[24-Jun-2017 19:14:50 UTC] PHP Stack trace:
[24-Jun-2017 19:14:50 UTC] PHP   1. {main}() /home/ubuntu/workspace/modules/dungeon/selectedMonster.php:0
[24-Jun-2017 19:14:50 UTC] PHP   2. header() /home/ubuntu/workspace/modules/dungeon/selectedMonster.php:59
[24-Jun-2017 19:14:56 UTC] PHP Warning:  Cannot modify header information - headers already sent by (output started at /home/ubuntu/workspace/html/header.php:137) in /home/ubuntu/workspace/modules/dungeon/selectedMonster.php on line 10
[24-Jun-2017 19:14:56 UTC] PHP Stack trace:
[24-Jun-2017 19:14:56 UTC] PHP   1. {main}() /home/ubuntu/workspace/modules/dungeon/selectedMonster.php:0
[24-Jun-2017 19:14:56 UTC] PHP   2. header() /home/ubuntu/workspace/modules/dungeon/selectedMonster.php:10
[24-Jun-2017 19:15:05 UTC] PHP Warning:  Cannot modify header information - headers already sent by (output started at /home/ubuntu/workspace/html/header.php:137) in /home/ubuntu/workspace/modules/dungeon/selectedMonster.php on line 10
[24-Jun-2017 19:15:05 UTC] PHP Stack trace:
[24-Jun-2017 19:15:05 UTC] PHP   1. {main}() /home/ubuntu/workspace/modules/dungeon/selectedMonster.php:0
[24-Jun-2017 19:15:05 UTC] PHP   2. header() /home/ubuntu/workspace/modules/dungeon/selectedMonster.php:10
[24-Jun-2017 19:15:36 UTC] PHP Warning:  Cannot modify header information - headers already sent by (output started at /home/ubuntu/workspace/html/header.php:137) in /home/ubuntu/workspace/modules/dungeon/selectedMonster.php on line 10
[24-Jun-2017 19:15:36 UTC] PHP Stack trace:
[24-Jun-2017 19:15:36 UTC] PHP   1. {main}() /home/ubuntu/workspace/modules/dungeon/selectedMonster.php:0
[24-Jun-2017 19:15:36 UTC] PHP   2. header() /home/ubuntu/workspace/modules/dungeon/selectedMonster.php:10
[24-Jun-2017 19:15:56 UTC] PHP Warning:  Cannot modify header information - headers already sent by (output started at /home/ubuntu/workspace/html/header.php:137) in /home/ubuntu/workspace/modules/inventory/index.php on line 8
[24-Jun-2017 19:15:56 UTC] PHP Stack trace:
[24-Jun-2017 19:15:56 UTC] PHP   1. {main}() /home/ubuntu/workspace/modules/inventory/index.php:0
[24-Jun-2017 19:15:56 UTC] PHP   2. header() /home/ubuntu/workspace/modules/inventory/index.php:8
[24-Jun-2017 19:16:07 UTC] PHP Warning:  Cannot modify header information - headers already sent by (output started at /home/ubuntu/workspace/html/header.php:137) in /home/ubuntu/workspace/modules/inventory/index.php on line 8
[24-Jun-2017 19:16:07 UTC] PHP Stack trace:
[24-Jun-2017 19:16:07 UTC] PHP   1. {main}() /home/ubuntu/workspace/modules/inventory/index.php:0
[24-Jun-2017 19:16:07 UTC] PHP   2. header() /home/ubuntu/workspace/modules/inventory/index.php:8
[24-Jun-2017 19:16:08 UTC] PHP Warning:  Cannot modify header information - headers already sent by (output started at /home/ubuntu/workspace/html/header.php:137) in /home/ubuntu/workspace/modules/inventory/index.php on line 8
[24-Jun-2017 19:16:08 UTC] PHP Stack trace:
[24-Jun-2017 19:16:08 UTC] PHP   1. {main}() /home/ubuntu/workspace/modules/inventory/index.php:0
[24-Jun-2017 19:16:08 UTC] PHP   2. header() /home/ubuntu/workspace/modules/inventory/index.php:8
[24-Jun-2017 19:16:09 UTC] PHP Warning:  Cannot modify header information - headers already sent by (output started at /home/ubuntu/workspace/html/header.php:137) in /home/ubuntu/workspace/modules/inventory/index.php on line 8
[24-Jun-2017 19:16:09 UTC] PHP Stack trace:
[24-Jun-2017 19:16:09 UTC] PHP   1. {main}() /home/ubuntu/workspace/modules/inventory/index.php:0
[24-Jun-2017 19:16:09 UTC] PHP   2. header() /home/ubuntu/workspace/modules/inventory/index.php:8
[24-Jun-2017 19:16:09 UTC] PHP Warning:  Cannot modify header information - headers already sent by (output started at /home/ubuntu/workspace/html/header.php:137) in /home/ubuntu/workspace/modules/inventory/index.php on line 8
[24-Jun-2017 19:16:09 UTC] PHP Stack trace:
[24-Jun-2017 19:16:09 UTC] PHP   1. {main}() /home/ubuntu/workspace/modules/inventory/index.php:0
[24-Jun-2017 19:16:09 UTC] PHP   2. header() /home/ubuntu/workspace/modules/inventory/index.php:8
[24-Jun-2017 19:16:10 UTC] PHP Warning:  Cannot modify header information - headers already sent by (output started at /home/ubuntu/workspace/html/header.php:137) in /home/ubuntu/workspace/modules/inventory/index.php on line 8
[24-Jun-2017 19:16:10 UTC] PHP Stack trace:
[24-Jun-2017 19:16:10 UTC] PHP   1. {main}() /home/ubuntu/workspace/modules/inventory/index.php:0
[24-Jun-2017 19:16:10 UTC] PHP   2. header() /home/ubuntu/workspace/modules/inventory/index.php:8
[24-Jun-2017 19:16:10 UTC] PHP Warning:  Cannot modify header information - headers already sent by (output started at /home/ubuntu/workspace/html/header.php:137) in /home/ubuntu/workspace/modules/inventory/index.php on line 8
[24-Jun-2017 19:16:10 UTC] PHP Stack trace:
[24-Jun-2017 19:16:10 UTC] PHP   1. {main}() /home/ubuntu/workspace/modules/inventory/index.php:0
[24-Jun-2017 19:16:10 UTC] PHP   2. header() /home/ubuntu/workspace/modules/inventory/index.php:8
[24-Jun-2017 19:16:11 UTC] PHP Warning:  Cannot modify header information - headers already sent by (output started at /home/ubuntu/workspace/html/header.php:137) in /home/ubuntu/workspace/modules/inventory/index.php on line 8
[24-Jun-2017 19:16:11 UTC] PHP Stack trace:
[24-Jun-2017 19:16:11 UTC] PHP   1. {main}() /home/ubuntu/workspace/modules/inventory/index.php:0
[24-Jun-2017 19:16:11 UTC] PHP   2. header() /home/ubuntu/workspace/modules/inventory/index.php:8
[24-Jun-2017 19:16:11 UTC] PHP Warning:  Cannot modify header information - headers already sent by (output started at /home/ubuntu/workspace/html/header.php:137) in /home/ubuntu/workspace/modules/inventory/index.php on line 8
[24-Jun-2017 19:16:11 UTC] PHP Stack trace:
[24-Jun-2017 19:16:11 UTC] PHP   1. {main}() /home/ubuntu/workspace/modules/inventory/index.php:0
[24-Jun-2017 19:16:11 UTC] PHP   2. header() /home/ubuntu/workspace/modules/inventory/index.php:8
[24-Jun-2017 19:16:12 UTC] PHP Warning:  Cannot modify header information - headers already sent by (output started at /home/ubuntu/workspace/html/header.php:137) in /home/ubuntu/workspace/modules/inventory/index.php on line 8
[24-Jun-2017 19:16:12 UTC] PHP Stack trace:
[24-Jun-2017 19:16:12 UTC] PHP   1. {main}() /home/ubuntu/workspace/modules/inventory/index.php:0
[24-Jun-2017 19:16:12 UTC] PHP   2. header() /home/ubuntu/workspace/modules/inventory/index.php:8
[24-Jun-2017 19:16:12 UTC] PHP Warning:  Cannot modify header information - headers already sent by (output started at /home/ubuntu/workspace/html/header.php:137) in /home/ubuntu/workspace/modules/inventory/index.php on line 8
[24-Jun-2017 19:16:12 UTC] PHP Stack trace:
[24-Jun-2017 19:16:12 UTC] PHP   1. {main}() /home/ubuntu/workspace/modules/inventory/index.php:0
[24-Jun-2017 19:16:12 UTC] PHP   2. header() /home/ubuntu/workspace/modules/inventory/index.php:8
[24-Jun-2017 19:16:13 UTC] PHP Warning:  Cannot modify header information - headers already sent by (output started at /home/ubuntu/workspace/html/header.php:137) in /home/ubuntu/workspace/modules/inventory/index.php on line 8
[24-Jun-2017 19:16:13 UTC] PHP Stack trace:
[24-Jun-2017 19:16:13 UTC] PHP   1. {main}() /home/ubuntu/workspace/modules/inventory/index.php:0
[24-Jun-2017 19:16:13 UTC] PHP   2. header() /home/ubuntu/workspace/modules/inventory/index.php:8
[24-Jun-2017 19:16:13 UTC] PHP Warning:  Cannot modify header information - headers already sent by (output started at /home/ubuntu/workspace/html/header.php:137) in /home/ubuntu/workspace/modules/inventory/index.php on line 8
[24-Jun-2017 19:16:13 UTC] PHP Stack trace:
[24-Jun-2017 19:16:13 UTC] PHP   1. {main}() /home/ubuntu/workspace/modules/inventory/index.php:0
[24-Jun-2017 19:16:13 UTC] PHP   2. header() /home/ubuntu/workspace/modules/inventory/index.php:8
[24-Jun-2017 19:16:14 UTC] PHP Warning:  Cannot modify header information - headers already sent by (output started at /home/ubuntu/workspace/html/header.php:137) in /home/ubuntu/workspace/modules/inventory/index.php on line 8
[24-Jun-2017 19:16:14 UTC] PHP Stack trace:
[24-Jun-2017 19:16:14 UTC] PHP   1. {main}() /home/ubuntu/workspace/modules/inventory/index.php:0
[24-Jun-2017 19:16:14 UTC] PHP   2. header() /home/ubuntu/workspace/modules/inventory/index.php:8
[24-Jun-2017 19:16:14 UTC] PHP Warning:  Cannot modify header information - headers already sent by (output started at /home/ubuntu/workspace/html/header.php:137) in /home/ubuntu/workspace/modules/inventory/index.php on line 8
[24-Jun-2017 19:16:14 UTC] PHP Stack trace:
[24-Jun-2017 19:16:14 UTC] PHP   1. {main}() /home/ubuntu/workspace/modules/inventory/index.php:0
[24-Jun-2017 19:16:14 UTC] PHP   2. header() /home/ubuntu/workspace/modules/inventory/index.php:8
[24-Jun-2017 19:16:39 UTC] PHP Warning:  Cannot modify header information - headers already sent by (output started at /home/ubuntu/workspace/html/header.php:137) in /home/ubuntu/workspace/modules/inventory/index.php on line 8
[24-Jun-2017 19:16:39 UTC] PHP Stack trace:
[24-Jun-2017 19:16:39 UTC] PHP   1. {main}() /home/ubuntu/workspace/modules/inventory/index.php:0
[24-Jun-2017 19:16:39 UTC] PHP   2. header() /home/ubuntu/workspace/modules/inventory/index.php:8
[24-Jun-2017 19:17:30 UTC] PHP Warning:  Cannot modify header information - headers already sent by (output started at /home/ubuntu/workspace/html/header.php:137) in /home/ubuntu/workspace/modules/logout/index.php on line 10
[24-Jun-2017 19:17:30 UTC] PHP Stack trace:
[24-Jun-2017 19:17:30 UTC] PHP   1. {main}() /home/ubuntu/workspace/modules/logout/index.php:0
[24-Jun-2017 19:17:30 UTC] PHP   2. header() /home/ubuntu/workspace/modules/logout/index.php:10
[24-Jun-2017 19:17:42 UTC] PHP Warning:  Cannot modify header information - headers already sent by (output started at /home/ubuntu/workspace/html/header.php:137) in /home/ubuntu/workspace/modules/inventory/index.php on line 8
[24-Jun-2017 19:17:42 UTC] PHP Stack trace:
[24-Jun-2017 19:17:42 UTC] PHP   1. {main}() /home/ubuntu/workspace/modules/inventory/index.php:0
[24-Jun-2017 19:17:42 UTC] PHP   2. header() /home/ubuntu/workspace/modules/inventory/index.php:8
[24-Jun-2017 19:19:59 UTC] PHP Warning:  Cannot modify header information - headers already sent by (output started at /home/ubuntu/workspace/html/header.php:137) in /home/ubuntu/workspace/modules/character/index.php on line 8
[24-Jun-2017 19:19:59 UTC] PHP Stack trace:
[24-Jun-2017 19:19:59 UTC] PHP   1. {main}() /home/ubuntu/workspace/modules/character/index.php:0
[24-Jun-2017 19:19:59 UTC] PHP   2. header() /home/ubuntu/workspace/modules/character/index.php:8
[24-Jun-2017 19:21:46 UTC] PHP Warning:  Cannot modify header information - headers already sent by (output started at /home/ubuntu/workspace/html/header.php:137) in /home/ubuntu/workspace/modules/character/index.php on line 8
[24-Jun-2017 19:21:46 UTC] PHP Stack trace:
[24-Jun-2017 19:21:46 UTC] PHP   1. {main}() /home/ubuntu/workspace/modules/character/index.php:0
[24-Jun-2017 19:21:46 UTC] PHP   2. header() /home/ubuntu/workspace/modules/character/index.php:8
[24-Jun-2017 19:24:04 UTC] PHP Warning:  Cannot modify header information - headers already sent by (output started at /home/ubuntu/workspace/html/header.php:137) in /home/ubuntu/workspace/modules/character/index.php on line 8
[24-Jun-2017 19:24:04 UTC] PHP Stack trace:
[24-Jun-2017 19:24:04 UTC] PHP   1. {main}() /home/ubuntu/workspace/modules/character/index.php:0
[24-Jun-2017 19:24:04 UTC] PHP   2. header() /home/ubuntu/workspace/modules/character/index.php:8
[24-Jun-2017 20:04:53 UTC] PHP Warning:  require_once(/home/ubuntu/workspace/kernel/battleArena/index.php): failed to open stream: No such file or directory in /home/ubuntu/workspace/html/header.php on line 19
[24-Jun-2017 20:04:53 UTC] PHP Stack trace:
[24-Jun-2017 20:04:53 UTC] PHP   1. {main}() /home/ubuntu/workspace/modules/main/index.php:0
[24-Jun-2017 20:04:53 UTC] PHP   2. require_once() /home/ubuntu/workspace/modules/main/index.php:1
[24-Jun-2017 20:04:53 UTC] PHP Fatal error:  require_once(): Failed opening required '/home/ubuntu/workspace/kernel/battleArena/index.php' (include_path='.:/usr/share/php:/usr/share/pear') in /home/ubuntu/workspace/html/header.php on line 19
[24-Jun-2017 20:04:53 UTC] PHP Stack trace:
[24-Jun-2017 20:04:53 UTC] PHP   1. {main}() /home/ubuntu/workspace/modules/main/index.php:0
[24-Jun-2017 20:04:53 UTC] PHP   2. require_once() /home/ubuntu/workspace/modules/main/index.php:1
[24-Jun-2017 20:05:26 UTC] PHP Fatal error:  Uncaught exception 'PDOException' with message 'SQLSTATE[42S22]: Column not found: 1054 Unknown column 'battleMonsterId' in 'where clause'' in /home/ubuntu/workspace/kernel/battle/index.php:7
Stack trace:
#0 /home/ubuntu/workspace/kernel/battle/index.php(7): PDOStatement->execute(Array)
#1 /home/ubuntu/workspace/html/header.php(19): require_once('/home/ubuntu/wo...')
#2 /home/ubuntu/workspace/modules/main/index.php(1): require_once('/home/ubuntu/wo...')
#3 {main}
  thrown in /home/ubuntu/workspace/kernel/battle/index.php on line 7
[24-Jun-2017 20:10:52 UTC] PHP Fatal error:  Call to a member function fetch() on a non-object in /home/ubuntu/workspace/kernel/battle/index.php on line 14
[24-Jun-2017 20:10:52 UTC] PHP Stack trace:
[24-Jun-2017 20:10:52 UTC] PHP   1. {main}() /home/ubuntu/workspace/modules/battle/index.php:0
[24-Jun-2017 20:10:52 UTC] PHP   2. require_once() /home/ubuntu/workspace/modules/battle/index.php:1
[24-Jun-2017 20:10:52 UTC] PHP   3. require_once() /home/ubuntu/workspace/html/header.php:19
[24-Jun-2017 20:11:27 UTC] PHP Fatal error:  Call to a member function closeCursor() on a non-object in /home/ubuntu/workspace/kernel/battle/index.php on line 23
[24-Jun-2017 20:11:27 UTC] PHP Stack trace:
[24-Jun-2017 20:11:27 UTC] PHP   1. {main}() /home/ubuntu/workspace/modules/battle/index.php:0
[24-Jun-2017 20:11:27 UTC] PHP   2. require_once() /home/ubuntu/workspace/modules/battle/index.php:1
[24-Jun-2017 20:11:27 UTC] PHP   3. require_once() /home/ubuntu/workspace/html/header.php:19
[24-Jun-2017 20:19:32 UTC] PHP Fatal error:  Uncaught exception 'PDOException' with message 'SQLSTATE[HY093]: Invalid parameter number: parameter was not defined' in /home/ubuntu/workspace/modules/battle/magicAttack.php:166
Stack trace:
#0 /home/ubuntu/workspace/modules/battle/magicAttack.php(166): PDOStatement->execute(Array)
#1 {main}
  thrown in /home/ubuntu/workspace/modules/battle/magicAttack.php on line 166
[24-Jun-2017 20:25:44 UTC] PHP Fatal error:  Call to a member function fetch() on a non-object in /home/ubuntu/workspace/modules/dungeon/selectedMonster.php on line 32
[24-Jun-2017 20:25:44 UTC] PHP Stack trace:
[24-Jun-2017 20:25:44 UTC] PHP   1. {main}() /home/ubuntu/workspace/modules/dungeon/selectedMonster.php:0
[24-Jun-2017 20:26:11 UTC] PHP Fatal error:  Call to a member function closeCursor() on a non-object in /home/ubuntu/workspace/modules/dungeon/selectedMonster.php on line 38
[24-Jun-2017 20:26:11 UTC] PHP Stack trace:
[24-Jun-2017 20:26:11 UTC] PHP   1. {main}() /home/ubuntu/workspace/modules/dungeon/selectedMonster.php:0
[24-Jun-2017 20:38:37 UTC] PHP Warning:  Division by zero in /home/ubuntu/workspace/modules/battle/physicalAttack.php on line 72
[24-Jun-2017 20:38:37 UTC] PHP Stack trace:
[24-Jun-2017 20:38:37 UTC] PHP   1. {main}() /home/ubuntu/workspace/modules/battle/physicalAttack.php:0
[24-Jun-2017 20:38:41 UTC] PHP Warning:  Division by zero in /home/ubuntu/workspace/modules/battle/physicalAttack.php on line 72
[24-Jun-2017 20:38:41 UTC] PHP Stack trace:
[24-Jun-2017 20:38:41 UTC] PHP   1. {main}() /home/ubuntu/workspace/modules/battle/physicalAttack.php:0
