[27-Jun-2017 16:08:30 UTC] PHP Parse error:  syntax error, unexpected '<' in /home/ubuntu/workspace/administration/races/addRace.php on line 12
[27-Jun-2017 16:16:28 UTC] PHP Fatal error:  Uncaught exception 'PDOException' with message 'SQLSTATE[21S01]: Insert value list does not match column list: 1136 Column count doesn't match value count at row 1' in /home/ubuntu/workspace/administration/races/addRaceEnd.php:76
Stack trace:
#0 /home/ubuntu/workspace/administration/races/addRaceEnd.php(76): PDOStatement->execute(Array)
#1 {main}
  thrown in /home/ubuntu/workspace/administration/races/addRaceEnd.php on line 76
[27-Jun-2017 16:16:35 UTC] PHP Fatal error:  Uncaught exception 'PDOException' with message 'SQLSTATE[21S01]: Insert value list does not match column list: 1136 Column count doesn't match value count at row 1' in /home/ubuntu/workspace/administration/races/addRaceEnd.php:75
Stack trace:
#0 /home/ubuntu/workspace/administration/races/addRaceEnd.php(75): PDOStatement->execute(Array)
#1 {main}
  thrown in /home/ubuntu/workspace/administration/races/addRaceEnd.php on line 75
[27-Jun-2017 16:16:53 UTC] PHP Fatal error:  Uncaught exception 'PDOException' with message 'SQLSTATE[21S01]: Insert value list does not match column list: 1136 Column count doesn't match value count at row 1' in /home/ubuntu/workspace/administration/races/addRaceEnd.php:75
Stack trace:
#0 /home/ubuntu/workspace/administration/races/addRaceEnd.php(75): PDOStatement->execute(Array)
#1 {main}
  thrown in /home/ubuntu/workspace/administration/races/addRaceEnd.php on line 75
[27-Jun-2017 16:17:44 UTC] PHP Fatal error:  Uncaught exception 'PDOException' with message 'SQLSTATE[21S01]: Insert value list does not match column list: 1136 Column count doesn't match value count at row 1' in /home/ubuntu/workspace/administration/races/addRaceEnd.php:75
Stack trace:
#0 /home/ubuntu/workspace/administration/races/addRaceEnd.php(75): PDOStatement->execute(Array)
#1 {main}
  thrown in /home/ubuntu/workspace/administration/races/addRaceEnd.php on line 75
[27-Jun-2017 16:18:03 UTC] PHP Fatal error:  Uncaught exception 'PDOException' with message 'SQLSTATE[21S01]: Insert value list does not match column list: 1136 Column count doesn't match value count at row 1' in /home/ubuntu/workspace/administration/races/addRaceEnd.php:75
Stack trace:
#0 /home/ubuntu/workspace/administration/races/addRaceEnd.php(75): PDOStatement->execute(Array)
#1 {main}
  thrown in /home/ubuntu/workspace/administration/races/addRaceEnd.php on line 75
[27-Jun-2017 16:18:20 UTC] PHP Fatal error:  Uncaught exception 'PDOException' with message 'SQLSTATE[21S01]: Insert value list does not match column list: 1136 Column count doesn't match value count at row 1' in /home/ubuntu/workspace/administration/races/addRaceEnd.php:75
Stack trace:
#0 /home/ubuntu/workspace/administration/races/addRaceEnd.php(75): PDOStatement->execute(Array)
#1 {main}
  thrown in /home/ubuntu/workspace/administration/races/addRaceEnd.php on line 75
[27-Jun-2017 16:19:06 UTC] PHP Fatal error:  Uncaught exception 'PDOException' with message 'SQLSTATE[21S01]: Insert value list does not match column list: 1136 Column count doesn't match value count at row 1' in /home/ubuntu/workspace/administration/races/addRaceEnd.php:76
Stack trace:
#0 /home/ubuntu/workspace/administration/races/addRaceEnd.php(76): PDOStatement->execute(Array)
#1 {main}
  thrown in /home/ubuntu/workspace/administration/races/addRaceEnd.php on line 76
[27-Jun-2017 16:20:03 UTC] PHP Fatal error:  Uncaught exception 'PDOException' with message 'SQLSTATE[21S01]: Insert value list does not match column list: 1136 Column count doesn't match value count at row 1' in /home/ubuntu/workspace/administration/races/addRaceEnd.php:76
Stack trace:
#0 /home/ubuntu/workspace/administration/races/addRaceEnd.php(76): PDOStatement->execute(Array)
#1 {main}
  thrown in /home/ubuntu/workspace/administration/races/addRaceEnd.php on line 76
[27-Jun-2017 16:22:47 UTC] PHP Fatal error:  Uncaught exception 'PDOException' with message 'SQLSTATE[42S22]: Column not found: 1054 Unknown column 'raceWisdomBonus' in 'field list'' in /home/ubuntu/workspace/administration/races/editRaceEnd.php:91
Stack trace:
#0 /home/ubuntu/workspace/administration/races/editRaceEnd.php(91): PDOStatement->execute(Array)
#1 {main}
  thrown in /home/ubuntu/workspace/administration/races/editRaceEnd.php on line 91
[27-Jun-2017 18:15:57 UTC] PHP Fatal error:  Call to a member function fetch() on a non-object in /home/ubuntu/workspace/kernel/character/index.php on line 79
[27-Jun-2017 18:15:57 UTC] PHP Stack trace:
[27-Jun-2017 18:15:57 UTC] PHP   1. {main}() /home/ubuntu/workspace/administration/races/editRaceEnd.php:0
[27-Jun-2017 18:15:57 UTC] PHP   2. require_once() /home/ubuntu/workspace/administration/races/editRaceEnd.php:2
[27-Jun-2017 18:15:57 UTC] PHP   3. require_once() /home/ubuntu/workspace/administration/html/header.php:11
[27-Jun-2017 18:16:12 UTC] PHP Fatal error:  Call to a member function fetch() on a non-object in /home/ubuntu/workspace/kernel/character/index.php on line 79
[27-Jun-2017 18:16:12 UTC] PHP Stack trace:
[27-Jun-2017 18:16:12 UTC] PHP   1. {main}() /home/ubuntu/workspace/administration/races/index.php:0
[27-Jun-2017 18:16:12 UTC] PHP   2. require_once() /home/ubuntu/workspace/administration/races/index.php:2
[27-Jun-2017 18:16:12 UTC] PHP   3. require_once() /home/ubuntu/workspace/administration/html/header.php:11
[27-Jun-2017 18:16:27 UTC] PHP Fatal error:  Call to a member function fetch() on a non-object in /home/ubuntu/workspace/kernel/character/index.php on line 79
[27-Jun-2017 18:16:27 UTC] PHP Stack trace:
[27-Jun-2017 18:16:27 UTC] PHP   1. {main}() /home/ubuntu/workspace/administration/races/index.php:0
[27-Jun-2017 18:16:27 UTC] PHP   2. require_once() /home/ubuntu/workspace/administration/races/index.php:2
[27-Jun-2017 18:16:27 UTC] PHP   3. require_once() /home/ubuntu/workspace/administration/html/header.php:11
[28-Jun-2017 17:26:48 UTC] PHP Fatal error:  Uncaught exception 'PDOException' with message 'SQLSTATE[42S22]: Column not found: 1054 Unknown column 'monsterId' in 'where clause'' in /home/ubuntu/workspace/administration/monsters/deleteMonster.php:42
Stack trace:
#0 /home/ubuntu/workspace/administration/monsters/deleteMonster.php(42): PDOStatement->execute(Array)
#1 {main}
  thrown in /home/ubuntu/workspace/administration/monsters/deleteMonster.php on line 42
[28-Jun-2017 17:27:18 UTC] PHP Fatal error:  Call to a member function closeCursor() on a non-object in /home/ubuntu/workspace/administration/monsters/deleteMonster.php on line 45
[28-Jun-2017 17:27:18 UTC] PHP Stack trace:
[28-Jun-2017 17:27:18 UTC] PHP   1. {main}() /home/ubuntu/workspace/administration/monsters/deleteMonster.php:0
[28-Jun-2017 17:29:37 UTC] PHP Fatal error:  Uncaught exception 'PDOException' with message 'SQLSTATE[42S02]: Base table or view not found: 1146 Table 'caranille.car_battles_monsters' doesn't exist' in /home/ubuntu/workspace/administration/monsters/deleteMonsterEnd.php:49
Stack trace:
#0 /home/ubuntu/workspace/administration/monsters/deleteMonsterEnd.php(49): PDOStatement->execute(Array)
#1 {main}
  thrown in /home/ubuntu/workspace/administration/monsters/deleteMonsterEnd.php on line 49
[28-Jun-2017 17:30:31 UTC] PHP Fatal error:  Uncaught exception 'PDOException' with message 'SQLSTATE[42S22]: Column not found: 1054 Unknown column 'battleMonsterMonsterId' in 'where clause'' in /home/ubuntu/workspace/administration/monsters/deleteMonsterEnd.php:49
Stack trace:
#0 /home/ubuntu/workspace/administration/monsters/deleteMonsterEnd.php(49): PDOStatement->execute(Array)
#1 {main}
  thrown in /home/ubuntu/workspace/administration/monsters/deleteMonsterEnd.php on line 49
